{"__type":"$$EventMessageAudit","id":"d0324f11-80bd-42d4-867f-3b6077882e38","ts":"2024-03-10T09:45:25.054+00:00","eventName":"n8n.audit.workflow.updated","message":"n8n.audit.workflow.updated","payload":{"userId":"c6757ac5-8c76-4474-b74b-e679f6843a2d","_email":"gordon@wagerflow.io","_firstName":"Gordon","_lastName":"Lotter","globalRole":"global:owner","workflowId":"hjJwDkjE7UB7v0x2","workflowName":"Shack Evolution API"}}
{"__type":"$$EventMessageConfirm","confirm":"d0324f11-80bd-42d4-867f-3b6077882e38","ts":"2024-03-10T09:45:25.055+00:00","source":{"id":"0","name":"eventBus"}}
{"__type":"$$EventMessageAudit","id":"5787ab18-4784-4b57-8616-159ae95d3f36","ts":"2024-03-10T10:28:55.904+00:00","eventName":"n8n.audit.workflow.updated","message":"n8n.audit.workflow.updated","payload":{"userId":"c6757ac5-8c76-4474-b74b-e679f6843a2d","_email":"gordon@wagerflow.io","_firstName":"Gordon","_lastName":"Lotter","globalRole":"global:owner","workflowId":"hjJwDkjE7UB7v0x2","workflowName":"Shack Evolution API"}}
{"__type":"$$EventMessageConfirm","confirm":"5787ab18-4784-4b57-8616-159ae95d3f36","ts":"2024-03-10T10:28:55.905+00:00","source":{"id":"0","name":"eventBus"}}
{"__type":"$$EventMessageNode","id":"618d462d-d83c-4545-90e2-1d490a9e3de1","ts":"2024-03-10T07:20:29.565-04:00","eventName":"n8n.node.started","message":"n8n.node.started","payload":{"executionId":"137","nodeName":"Game Launch","workflowId":"hjJwDkjE7UB7v0x2","workflowName":"Shack Evolution API","nodeType":"n8n-nodes-base.webhook"}}
{"__type":"$$EventMessageConfirm","confirm":"618d462d-d83c-4545-90e2-1d490a9e3de1","ts":"2024-03-10T07:20:29.565-04:00","source":{"id":"0","name":"eventBus"}}
{"__type":"$$EventMessageWorkflow","id":"880cfe04-4271-490d-b12a-1734de86d251","ts":"2024-03-10T07:20:29.566-04:00","eventName":"n8n.workflow.started","message":"n8n.workflow.started","payload":{"executionId":"137","userId":"c6757ac5-8c76-4474-b74b-e679f6843a2d","workflowId":"hjJwDkjE7UB7v0x2","isManual":true,"workflowName":"Shack Evolution API"}}
{"__type":"$$EventMessageConfirm","confirm":"880cfe04-4271-490d-b12a-1734de86d251","ts":"2024-03-10T07:20:29.567-04:00","source":{"id":"0","name":"eventBus"}}
{"__type":"$$EventMessageNode","id":"b225d02d-199e-45dc-ad3f-ac688de0bf45","ts":"2024-03-10T07:20:29.568-04:00","eventName":"n8n.node.finished","message":"n8n.node.finished","payload":{"executionId":"137","nodeName":"Game Launch","workflowId":"hjJwDkjE7UB7v0x2","workflowName":"Shack Evolution API","nodeType":"n8n-nodes-base.webhook"}}
{"__type":"$$EventMessageConfirm","confirm":"b225d02d-199e-45dc-ad3f-ac688de0bf45","ts":"2024-03-10T07:20:29.569-04:00","source":{"id":"0","name":"eventBus"}}
{"__type":"$$EventMessageWorkflow","id":"3dbc4376-22b9-4fbf-9649-a877b2e0146a","ts":"2024-03-10T07:20:29.591-04:00","eventName":"n8n.workflow.success","message":"n8n.workflow.success","payload":{"executionId":"137","success":true,"userId":"c6757ac5-8c76-4474-b74b-e679f6843a2d","workflowId":"hjJwDkjE7UB7v0x2","isManual":true,"workflowName":"Shack Evolution API"}}
{"__type":"$$EventMessageConfirm","confirm":"3dbc4376-22b9-4fbf-9649-a877b2e0146a","ts":"2024-03-10T07:20:29.591-04:00","source":{"id":"0","name":"eventBus"}}
{"__type":"$$EventMessageNode","id":"c260a00a-e871-46ef-a7ce-1bf5e9cde125","ts":"2024-03-10T07:33:36.602-04:00","eventName":"n8n.node.started","message":"n8n.node.started","payload":{"executionId":"138","nodeName":"Route 1","workflowId":"hjJwDkjE7UB7v0x2","workflowName":"Shack Evolution API","nodeType":"n8n-nodes-base.set"}}
{"__type":"$$EventMessageConfirm","confirm":"c260a00a-e871-46ef-a7ce-1bf5e9cde125","ts":"2024-03-10T07:33:36.606-04:00","source":{"id":"0","name":"eventBus"}}
{"__type":"$$EventMessageWorkflow","id":"dd775e80-6fd8-4cea-968d-feb4f9ae2b31","ts":"2024-03-10T07:33:36.607-04:00","eventName":"n8n.workflow.started","message":"n8n.workflow.started","payload":{"executionId":"138","isManual":false}}
{"__type":"$$EventMessageConfirm","confirm":"dd775e80-6fd8-4cea-968d-feb4f9ae2b31","ts":"2024-03-10T07:33:36.607-04:00","source":{"id":"0","name":"eventBus"}}
{"__type":"$$EventMessageNode","id":"b2343cf2-304e-465a-ba67-73f312b883b6","ts":"2024-03-10T07:33:36.611-04:00","eventName":"n8n.node.finished","message":"n8n.node.finished","payload":{"executionId":"138","nodeName":"Route 1","workflowId":"hjJwDkjE7UB7v0x2","workflowName":"Shack Evolution API","nodeType":"n8n-nodes-base.set"}}
{"__type":"$$EventMessageConfirm","confirm":"b2343cf2-304e-465a-ba67-73f312b883b6","ts":"2024-03-10T07:33:36.616-04:00","source":{"id":"0","name":"eventBus"}}
{"__type":"$$EventMessageWorkflow","id":"e1d098b8-2fe5-45ee-b869-60e0d470b4da","ts":"2024-03-10T07:33:36.638-04:00","eventName":"n8n.workflow.success","message":"n8n.workflow.success","payload":{"executionId":"138","success":true,"userId":"c6757ac5-8c76-4474-b74b-e679f6843a2d","workflowId":"hjJwDkjE7UB7v0x2","isManual":true,"workflowName":"Shack Evolution API"}}
{"__type":"$$EventMessageConfirm","confirm":"e1d098b8-2fe5-45ee-b869-60e0d470b4da","ts":"2024-03-10T07:33:36.639-04:00","source":{"id":"0","name":"eventBus"}}
{"__type":"$$EventMessageAudit","id":"5d5de532-ddfa-4ddf-b3a5-5a9e17fe46f5","ts":"2024-03-10T08:23:22.203-04:00","eventName":"n8n.audit.workflow.updated","message":"n8n.audit.workflow.updated","payload":{"userId":"c6757ac5-8c76-4474-b74b-e679f6843a2d","_email":"gordon@wagerflow.io","_firstName":"Gordon","_lastName":"Lotter","globalRole":"global:owner","workflowId":"hjJwDkjE7UB7v0x2","workflowName":"Shack Evolution API"}}
{"__type":"$$EventMessageConfirm","confirm":"5d5de532-ddfa-4ddf-b3a5-5a9e17fe46f5","ts":"2024-03-10T08:23:22.207-04:00","source":{"id":"0","name":"eventBus"}}
{"__type":"$$EventMessageAudit","id":"5a35f079-9019-4284-a4d2-8d369b4d57ac","ts":"2024-03-10T09:54:21.421-04:00","eventName":"n8n.audit.workflow.updated","message":"n8n.audit.workflow.updated","payload":{"userId":"c6757ac5-8c76-4474-b74b-e679f6843a2d","_email":"gordon@wagerflow.io","_firstName":"Gordon","_lastName":"Lotter","globalRole":"global:owner","workflowId":"ZgGXrbkgr58MDfUl","workflowName":"API Engine"}}
{"__type":"$$EventMessageConfirm","confirm":"5a35f079-9019-4284-a4d2-8d369b4d57ac","ts":"2024-03-10T09:54:21.422-04:00","source":{"id":"0","name":"eventBus"}}
{"__type":"$$EventMessageAudit","id":"08501fd7-91df-458d-b990-7d4b3de9809d","ts":"2024-03-10T10:03:24.989-04:00","eventName":"n8n.audit.workflow.created","message":"n8n.audit.workflow.created","payload":{"userId":"c6757ac5-8c76-4474-b74b-e679f6843a2d","_email":"gordon@wagerflow.io","_firstName":"Gordon","_lastName":"Lotter","globalRole":"global:owner","workflowId":"Z8xJfUbBk7tCPih6","workflowName":"My workflow"}}
{"__type":"$$EventMessageConfirm","confirm":"08501fd7-91df-458d-b990-7d4b3de9809d","ts":"2024-03-10T10:03:24.989-04:00","source":{"id":"0","name":"eventBus"}}
{"__type":"$$EventMessageNode","id":"b55d0c84-4605-487c-927d-c9b2ee2cea24","ts":"2024-03-10T10:03:31.798-04:00","eventName":"n8n.node.started","message":"n8n.node.started","payload":{"executionId":"139","nodeName":"Webhook","workflowId":"Z8xJfUbBk7tCPih6","workflowName":"My workflow","nodeType":"n8n-nodes-base.webhook"}}
{"__type":"$$EventMessageConfirm","confirm":"b55d0c84-4605-487c-927d-c9b2ee2cea24","ts":"2024-03-10T10:03:31.798-04:00","source":{"id":"0","name":"eventBus"}}
{"__type":"$$EventMessageWorkflow","id":"188c1c94-56dd-4613-b04c-2023b562c313","ts":"2024-03-10T10:03:31.798-04:00","eventName":"n8n.workflow.started","message":"n8n.workflow.started","payload":{"executionId":"139","userId":"c6757ac5-8c76-4474-b74b-e679f6843a2d","workflowId":"Z8xJfUbBk7tCPih6","isManual":true,"workflowName":"My workflow"}}
{"__type":"$$EventMessageConfirm","confirm":"188c1c94-56dd-4613-b04c-2023b562c313","ts":"2024-03-10T10:03:31.798-04:00","source":{"id":"0","name":"eventBus"}}
{"__type":"$$EventMessageNode","id":"d2780b35-54b7-4164-a76e-081f7f2edf2b","ts":"2024-03-10T10:03:31.799-04:00","eventName":"n8n.node.finished","message":"n8n.node.finished","payload":{"executionId":"139","nodeName":"Webhook","workflowId":"Z8xJfUbBk7tCPih6","workflowName":"My workflow","nodeType":"n8n-nodes-base.webhook"}}
{"__type":"$$EventMessageConfirm","confirm":"d2780b35-54b7-4164-a76e-081f7f2edf2b","ts":"2024-03-10T10:03:31.799-04:00","source":{"id":"0","name":"eventBus"}}
{"__type":"$$EventMessageWorkflow","id":"1b8f352e-a516-40a2-90a9-3852d380ba60","ts":"2024-03-10T10:03:31.805-04:00","eventName":"n8n.workflow.success","message":"n8n.workflow.success","payload":{"executionId":"139","success":true,"userId":"c6757ac5-8c76-4474-b74b-e679f6843a2d","workflowId":"Z8xJfUbBk7tCPih6","isManual":true,"workflowName":"My workflow"}}
{"__type":"$$EventMessageConfirm","confirm":"1b8f352e-a516-40a2-90a9-3852d380ba60","ts":"2024-03-10T10:03:31.806-04:00","source":{"id":"0","name":"eventBus"}}
{"__type":"$$EventMessageAudit","id":"b9421c9f-50b3-4f35-9fed-f5873e737372","ts":"2024-03-10T10:04:58.300-04:00","eventName":"n8n.audit.workflow.updated","message":"n8n.audit.workflow.updated","payload":{"userId":"c6757ac5-8c76-4474-b74b-e679f6843a2d","_email":"gordon@wagerflow.io","_firstName":"Gordon","_lastName":"Lotter","globalRole":"global:owner","workflowId":"Z8xJfUbBk7tCPih6","workflowName":"OpenTag"}}
{"__type":"$$EventMessageConfirm","confirm":"b9421c9f-50b3-4f35-9fed-f5873e737372","ts":"2024-03-10T10:04:58.300-04:00","source":{"id":"0","name":"eventBus"}}
{"__type":"$$EventMessageAudit","id":"7d3a5e4a-2a4b-4125-b3f3-0609d2830f66","ts":"2024-03-10T10:05:05.289-04:00","eventName":"n8n.audit.workflow.updated","message":"n8n.audit.workflow.updated","payload":{"userId":"c6757ac5-8c76-4474-b74b-e679f6843a2d","_email":"gordon@wagerflow.io","_firstName":"Gordon","_lastName":"Lotter","globalRole":"global:owner","workflowId":"Z8xJfUbBk7tCPih6","workflowName":"OpenTag"}}
{"__type":"$$EventMessageConfirm","confirm":"7d3a5e4a-2a4b-4125-b3f3-0609d2830f66","ts":"2024-03-10T10:05:05.290-04:00","source":{"id":"0","name":"eventBus"}}
{"__type":"$$EventMessageAudit","id":"68e39a28-a19b-4856-b652-0b194721c4ca","ts":"2024-03-10T13:57:30.516-04:00","eventName":"n8n.audit.workflow.updated","message":"n8n.audit.workflow.updated","payload":{"userId":"c6757ac5-8c76-4474-b74b-e679f6843a2d","_email":"gordon@wagerflow.io","_firstName":"Gordon","_lastName":"Lotter","globalRole":"global:owner","workflowId":"Z8xJfUbBk7tCPih6","workflowName":"OpenTag"}}
{"__type":"$$EventMessageConfirm","confirm":"68e39a28-a19b-4856-b652-0b194721c4ca","ts":"2024-03-10T13:57:30.516-04:00","source":{"id":"0","name":"eventBus"}}
{"__type":"$$EventMessageAudit","id":"ffce4205-8f82-481c-bffa-1f23f1c03e35","ts":"2024-03-11T11:22:47.822-04:00","eventName":"n8n.audit.workflow.updated","message":"n8n.audit.workflow.updated","payload":{"userId":"c6757ac5-8c76-4474-b74b-e679f6843a2d","_email":"gordon@wagerflow.io","_firstName":"Gordon","_lastName":"Lotter","globalRole":"global:owner","workflowId":"hjJwDkjE7UB7v0x2","workflowName":"Shack Evolution API"}}
{"__type":"$$EventMessageConfirm","confirm":"ffce4205-8f82-481c-bffa-1f23f1c03e35","ts":"2024-03-11T11:22:47.822-04:00","source":{"id":"0","name":"eventBus"}}
{"__type":"$$EventMessageAudit","id":"382c777f-81fc-45ef-b09b-647bd895c56d","ts":"2024-03-11T12:10:00.732-04:00","eventName":"n8n.audit.workflow.updated","message":"n8n.audit.workflow.updated","payload":{"userId":"c6757ac5-8c76-4474-b74b-e679f6843a2d","_email":"gordon@wagerflow.io","_firstName":"Gordon","_lastName":"Lotter","globalRole":"global:owner","workflowId":"Z8xJfUbBk7tCPih6","workflowName":"OpenTag"}}
{"__type":"$$EventMessageConfirm","confirm":"382c777f-81fc-45ef-b09b-647bd895c56d","ts":"2024-03-11T12:10:00.733-04:00","source":{"id":"0","name":"eventBus"}}
{"__type":"$$EventMessageAudit","id":"c605a9b4-45a1-494f-8464-e76d529e2fda","ts":"2024-03-11T12:42:46.170-04:00","eventName":"n8n.audit.workflow.updated","message":"n8n.audit.workflow.updated","payload":{"userId":"c6757ac5-8c76-4474-b74b-e679f6843a2d","_email":"gordon@wagerflow.io","_firstName":"Gordon","_lastName":"Lotter","globalRole":"global:owner","workflowId":"hjJwDkjE7UB7v0x2","workflowName":"Shack Evolution API"}}
{"__type":"$$EventMessageConfirm","confirm":"c605a9b4-45a1-494f-8464-e76d529e2fda","ts":"2024-03-11T12:42:46.170-04:00","source":{"id":"0","name":"eventBus"}}
{"__type":"$$EventMessageAudit","id":"43389035-68b5-4104-bd57-030b2f0141df","ts":"2024-03-12T11:39:24.535-04:00","eventName":"n8n.audit.workflow.updated","message":"n8n.audit.workflow.updated","payload":{"userId":"c6757ac5-8c76-4474-b74b-e679f6843a2d","_email":"gordon@wagerflow.io","_firstName":"Gordon","_lastName":"Lotter","globalRole":"global:owner","workflowId":"ZgGXrbkgr58MDfUl","workflowName":"API Engine"}}
{"__type":"$$EventMessageConfirm","confirm":"43389035-68b5-4104-bd57-030b2f0141df","ts":"2024-03-12T11:39:24.537-04:00","source":{"id":"0","name":"eventBus"}}
{"__type":"$$EventMessageAudit","id":"2db67cb7-8573-4ec7-9830-516ed263a694","ts":"2024-03-15T08:09:01.554-04:00","eventName":"n8n.audit.workflow.created","message":"n8n.audit.workflow.created","payload":{"userId":"c6757ac5-8c76-4474-b74b-e679f6843a2d","_email":"gordon@wagerflow.io","_firstName":"Gordon","_lastName":"Lotter","globalRole":"global:owner","workflowId":"dOvR0FL53juynL8e","workflowName":"Genius Sports API"}}
{"__type":"$$EventMessageConfirm","confirm":"2db67cb7-8573-4ec7-9830-516ed263a694","ts":"2024-03-15T08:09:01.554-04:00","source":{"id":"0","name":"eventBus"}}
{"__type":"$$EventMessageAudit","id":"e0521b0d-462e-4e5c-9c9c-fc3cf1dbcaf6","ts":"2024-03-15T08:09:12.034-04:00","eventName":"n8n.audit.workflow.updated","message":"n8n.audit.workflow.updated","payload":{"userId":"c6757ac5-8c76-4474-b74b-e679f6843a2d","_email":"gordon@wagerflow.io","_firstName":"Gordon","_lastName":"Lotter","globalRole":"global:owner","workflowId":"dOvR0FL53juynL8e","workflowName":"Genius Sports API"}}
{"__type":"$$EventMessageConfirm","confirm":"e0521b0d-462e-4e5c-9c9c-fc3cf1dbcaf6","ts":"2024-03-15T08:09:12.035-04:00","source":{"id":"0","name":"eventBus"}}
{"__type":"$$EventMessageNode","id":"3ba72994-b4f1-43d4-8d52-5073b450e38a","ts":"2024-03-16T06:09:34.394-04:00","eventName":"n8n.node.started","message":"n8n.node.started","payload":{"executionId":"140","nodeName":"Webhook","workflowId":"dOvR0FL53juynL8e","workflowName":"Genius Sports API","nodeType":"n8n-nodes-base.webhook"}}
{"__type":"$$EventMessageConfirm","confirm":"3ba72994-b4f1-43d4-8d52-5073b450e38a","ts":"2024-03-16T06:09:34.394-04:00","source":{"id":"0","name":"eventBus"}}
{"__type":"$$EventMessageWorkflow","id":"7001b50f-bf2e-4244-b959-7bc8d33df1d3","ts":"2024-03-16T06:09:34.395-04:00","eventName":"n8n.workflow.started","message":"n8n.workflow.started","payload":{"executionId":"140","userId":"c6757ac5-8c76-4474-b74b-e679f6843a2d","workflowId":"dOvR0FL53juynL8e","isManual":true,"workflowName":"Genius Sports API"}}
{"__type":"$$EventMessageConfirm","confirm":"7001b50f-bf2e-4244-b959-7bc8d33df1d3","ts":"2024-03-16T06:09:34.395-04:00","source":{"id":"0","name":"eventBus"}}
{"__type":"$$EventMessageNode","id":"22b99075-5725-469e-8a4b-e8eea9ba1673","ts":"2024-03-16T06:09:34.397-04:00","eventName":"n8n.node.finished","message":"n8n.node.finished","payload":{"executionId":"140","nodeName":"Webhook","workflowId":"dOvR0FL53juynL8e","workflowName":"Genius Sports API","nodeType":"n8n-nodes-base.webhook"}}
{"__type":"$$EventMessageConfirm","confirm":"22b99075-5725-469e-8a4b-e8eea9ba1673","ts":"2024-03-16T06:09:34.397-04:00","source":{"id":"0","name":"eventBus"}}
{"__type":"$$EventMessageNode","id":"38704e32-c115-42e3-a74f-c9444bc9542c","ts":"2024-03-16T06:09:34.398-04:00","eventName":"n8n.node.started","message":"n8n.node.started","payload":{"executionId":"140","nodeName":"HTML","workflowId":"dOvR0FL53juynL8e","workflowName":"Genius Sports API","nodeType":"n8n-nodes-base.html"}}
{"__type":"$$EventMessageConfirm","confirm":"38704e32-c115-42e3-a74f-c9444bc9542c","ts":"2024-03-16T06:09:34.398-04:00","source":{"id":"0","name":"eventBus"}}
{"__type":"$$EventMessageNode","id":"53f8eb78-b546-487c-b159-e3cec7d81897","ts":"2024-03-16T06:09:34.400-04:00","eventName":"n8n.node.finished","message":"n8n.node.finished","payload":{"executionId":"140","nodeName":"HTML","workflowId":"dOvR0FL53juynL8e","workflowName":"Genius Sports API","nodeType":"n8n-nodes-base.html"}}
{"__type":"$$EventMessageConfirm","confirm":"53f8eb78-b546-487c-b159-e3cec7d81897","ts":"2024-03-16T06:09:34.400-04:00","source":{"id":"0","name":"eventBus"}}
{"__type":"$$EventMessageWorkflow","id":"388fdd02-0d59-47ef-bbaf-ce3dc01da349","ts":"2024-03-16T06:09:34.407-04:00","eventName":"n8n.workflow.success","message":"n8n.workflow.success","payload":{"executionId":"140","success":true,"userId":"c6757ac5-8c76-4474-b74b-e679f6843a2d","workflowId":"dOvR0FL53juynL8e","isManual":true,"workflowName":"Genius Sports API"}}
{"__type":"$$EventMessageConfirm","confirm":"388fdd02-0d59-47ef-bbaf-ce3dc01da349","ts":"2024-03-16T06:09:34.407-04:00","source":{"id":"0","name":"eventBus"}}
{"__type":"$$EventMessageNode","id":"6067d976-9c6d-4f87-8f8b-67be98d01f34","ts":"2024-03-16T06:10:09.420-04:00","eventName":"n8n.node.started","message":"n8n.node.started","payload":{"executionId":"141","nodeName":"Webhook","workflowId":"dOvR0FL53juynL8e","workflowName":"Genius Sports API","nodeType":"n8n-nodes-base.webhook"}}
{"__type":"$$EventMessageConfirm","confirm":"6067d976-9c6d-4f87-8f8b-67be98d01f34","ts":"2024-03-16T06:10:09.420-04:00","source":{"id":"0","name":"eventBus"}}
{"__type":"$$EventMessageWorkflow","id":"e4b5aaa6-9210-4561-98f3-7fb9fe3e687e","ts":"2024-03-16T06:10:09.421-04:00","eventName":"n8n.workflow.started","message":"n8n.workflow.started","payload":{"executionId":"141","userId":"c6757ac5-8c76-4474-b74b-e679f6843a2d","workflowId":"dOvR0FL53juynL8e","isManual":true,"workflowName":"Genius Sports API"}}
{"__type":"$$EventMessageConfirm","confirm":"e4b5aaa6-9210-4561-98f3-7fb9fe3e687e","ts":"2024-03-16T06:10:09.421-04:00","source":{"id":"0","name":"eventBus"}}
{"__type":"$$EventMessageNode","id":"60efc168-c832-4938-b8ef-3018a68a7111","ts":"2024-03-16T06:10:09.421-04:00","eventName":"n8n.node.finished","message":"n8n.node.finished","payload":{"executionId":"141","nodeName":"Webhook","workflowId":"dOvR0FL53juynL8e","workflowName":"Genius Sports API","nodeType":"n8n-nodes-base.webhook"}}
{"__type":"$$EventMessageConfirm","confirm":"60efc168-c832-4938-b8ef-3018a68a7111","ts":"2024-03-16T06:10:09.421-04:00","source":{"id":"0","name":"eventBus"}}
{"__type":"$$EventMessageNode","id":"017aa5cf-d23a-4f5e-8a45-4de35cb94fed","ts":"2024-03-16T06:10:09.422-04:00","eventName":"n8n.node.started","message":"n8n.node.started","payload":{"executionId":"141","nodeName":"HTML","workflowId":"dOvR0FL53juynL8e","workflowName":"Genius Sports API","nodeType":"n8n-nodes-base.html"}}
{"__type":"$$EventMessageConfirm","confirm":"017aa5cf-d23a-4f5e-8a45-4de35cb94fed","ts":"2024-03-16T06:10:09.422-04:00","source":{"id":"0","name":"eventBus"}}
{"__type":"$$EventMessageNode","id":"620fd14f-d114-4ff2-9d29-d24b1e3f0936","ts":"2024-03-16T06:10:09.422-04:00","eventName":"n8n.node.finished","message":"n8n.node.finished","payload":{"executionId":"141","nodeName":"HTML","workflowId":"dOvR0FL53juynL8e","workflowName":"Genius Sports API","nodeType":"n8n-nodes-base.html"}}
{"__type":"$$EventMessageConfirm","confirm":"620fd14f-d114-4ff2-9d29-d24b1e3f0936","ts":"2024-03-16T06:10:09.423-04:00","source":{"id":"0","name":"eventBus"}}
{"__type":"$$EventMessageWorkflow","id":"25e016e5-7386-4044-989c-0045d76a44e5","ts":"2024-03-16T06:10:09.429-04:00","eventName":"n8n.workflow.success","message":"n8n.workflow.success","payload":{"executionId":"141","success":true,"userId":"c6757ac5-8c76-4474-b74b-e679f6843a2d","workflowId":"dOvR0FL53juynL8e","isManual":true,"workflowName":"Genius Sports API"}}
{"__type":"$$EventMessageConfirm","confirm":"25e016e5-7386-4044-989c-0045d76a44e5","ts":"2024-03-16T06:10:09.429-04:00","source":{"id":"0","name":"eventBus"}}
{"__type":"$$EventMessageNode","id":"ae9263bd-b86c-4b44-b51d-560e57e147a2","ts":"2024-03-16T06:11:33.357-04:00","eventName":"n8n.node.started","message":"n8n.node.started","payload":{"executionId":"142","nodeName":"Webhook","workflowId":"dOvR0FL53juynL8e","workflowName":"Genius Sports API","nodeType":"n8n-nodes-base.webhook"}}
{"__type":"$$EventMessageConfirm","confirm":"ae9263bd-b86c-4b44-b51d-560e57e147a2","ts":"2024-03-16T06:11:33.357-04:00","source":{"id":"0","name":"eventBus"}}
{"__type":"$$EventMessageWorkflow","id":"f3468ea5-75c3-444e-9fe2-d6cfe0a7bca2","ts":"2024-03-16T06:11:33.357-04:00","eventName":"n8n.workflow.started","message":"n8n.workflow.started","payload":{"executionId":"142","userId":"c6757ac5-8c76-4474-b74b-e679f6843a2d","workflowId":"dOvR0FL53juynL8e","isManual":true,"workflowName":"Genius Sports API"}}
{"__type":"$$EventMessageConfirm","confirm":"f3468ea5-75c3-444e-9fe2-d6cfe0a7bca2","ts":"2024-03-16T06:11:33.357-04:00","source":{"id":"0","name":"eventBus"}}
{"__type":"$$EventMessageNode","id":"ff77b9e6-7d90-428d-af2b-5822622f74f2","ts":"2024-03-16T06:11:33.358-04:00","eventName":"n8n.node.finished","message":"n8n.node.finished","payload":{"executionId":"142","nodeName":"Webhook","workflowId":"dOvR0FL53juynL8e","workflowName":"Genius Sports API","nodeType":"n8n-nodes-base.webhook"}}
{"__type":"$$EventMessageConfirm","confirm":"ff77b9e6-7d90-428d-af2b-5822622f74f2","ts":"2024-03-16T06:11:33.358-04:00","source":{"id":"0","name":"eventBus"}}
{"__type":"$$EventMessageNode","id":"cbec3f25-9c51-4fed-95ab-c4732f233e1a","ts":"2024-03-16T06:11:33.359-04:00","eventName":"n8n.node.started","message":"n8n.node.started","payload":{"executionId":"142","nodeName":"HTML","workflowId":"dOvR0FL53juynL8e","workflowName":"Genius Sports API","nodeType":"n8n-nodes-base.html"}}
{"__type":"$$EventMessageConfirm","confirm":"cbec3f25-9c51-4fed-95ab-c4732f233e1a","ts":"2024-03-16T06:11:33.359-04:00","source":{"id":"0","name":"eventBus"}}
{"__type":"$$EventMessageNode","id":"059d8026-9e13-4618-b5c2-5e1576248834","ts":"2024-03-16T06:11:33.359-04:00","eventName":"n8n.node.finished","message":"n8n.node.finished","payload":{"executionId":"142","nodeName":"HTML","workflowId":"dOvR0FL53juynL8e","workflowName":"Genius Sports API","nodeType":"n8n-nodes-base.html"}}
{"__type":"$$EventMessageConfirm","confirm":"059d8026-9e13-4618-b5c2-5e1576248834","ts":"2024-03-16T06:11:33.359-04:00","source":{"id":"0","name":"eventBus"}}
{"__type":"$$EventMessageNode","id":"3e223ef7-0d1b-4434-a402-9d2ccf07b8e6","ts":"2024-03-16T06:11:33.360-04:00","eventName":"n8n.node.started","message":"n8n.node.started","payload":{"executionId":"142","nodeName":"Respond to Webhook","workflowId":"dOvR0FL53juynL8e","workflowName":"Genius Sports API","nodeType":"n8n-nodes-base.respondToWebhook"}}
{"__type":"$$EventMessageConfirm","confirm":"3e223ef7-0d1b-4434-a402-9d2ccf07b8e6","ts":"2024-03-16T06:11:33.360-04:00","source":{"id":"0","name":"eventBus"}}
{"__type":"$$EventMessageNode","id":"26c6b7b2-48b9-420a-abcc-283c9eb6f1d1","ts":"2024-03-16T06:11:33.361-04:00","eventName":"n8n.node.finished","message":"n8n.node.finished","payload":{"executionId":"142","nodeName":"Respond to Webhook","workflowId":"dOvR0FL53juynL8e","workflowName":"Genius Sports API","nodeType":"n8n-nodes-base.respondToWebhook"}}
{"__type":"$$EventMessageConfirm","confirm":"26c6b7b2-48b9-420a-abcc-283c9eb6f1d1","ts":"2024-03-16T06:11:33.361-04:00","source":{"id":"0","name":"eventBus"}}
{"__type":"$$EventMessageWorkflow","id":"f0f9e0a5-5d2b-443a-91da-0da3df35ff5a","ts":"2024-03-16T06:11:33.366-04:00","eventName":"n8n.workflow.success","message":"n8n.workflow.success","payload":{"executionId":"142","success":true,"userId":"c6757ac5-8c76-4474-b74b-e679f6843a2d","workflowId":"dOvR0FL53juynL8e","isManual":true,"workflowName":"Genius Sports API"}}
{"__type":"$$EventMessageConfirm","confirm":"f0f9e0a5-5d2b-443a-91da-0da3df35ff5a","ts":"2024-03-16T06:11:33.367-04:00","source":{"id":"0","name":"eventBus"}}
{"__type":"$$EventMessageNode","id":"a178c7bf-3053-47e5-9dd3-9ed2a0d0909c","ts":"2024-03-16T06:12:03.102-04:00","eventName":"n8n.node.started","message":"n8n.node.started","payload":{"executionId":"143","nodeName":"Webhook","workflowId":"dOvR0FL53juynL8e","workflowName":"Genius Sports API","nodeType":"n8n-nodes-base.webhook"}}
{"__type":"$$EventMessageConfirm","confirm":"a178c7bf-3053-47e5-9dd3-9ed2a0d0909c","ts":"2024-03-16T06:12:03.102-04:00","source":{"id":"0","name":"eventBus"}}
{"__type":"$$EventMessageWorkflow","id":"8f8f9337-7b56-41ba-a284-0918ef81253d","ts":"2024-03-16T06:12:03.102-04:00","eventName":"n8n.workflow.started","message":"n8n.workflow.started","payload":{"executionId":"143","userId":"c6757ac5-8c76-4474-b74b-e679f6843a2d","workflowId":"dOvR0FL53juynL8e","isManual":true,"workflowName":"Genius Sports API"}}
{"__type":"$$EventMessageConfirm","confirm":"8f8f9337-7b56-41ba-a284-0918ef81253d","ts":"2024-03-16T06:12:03.102-04:00","source":{"id":"0","name":"eventBus"}}
{"__type":"$$EventMessageNode","id":"56dddde5-274b-4881-a664-6c26a1183de7","ts":"2024-03-16T06:12:03.103-04:00","eventName":"n8n.node.finished","message":"n8n.node.finished","payload":{"executionId":"143","nodeName":"Webhook","workflowId":"dOvR0FL53juynL8e","workflowName":"Genius Sports API","nodeType":"n8n-nodes-base.webhook"}}
{"__type":"$$EventMessageConfirm","confirm":"56dddde5-274b-4881-a664-6c26a1183de7","ts":"2024-03-16T06:12:03.103-04:00","source":{"id":"0","name":"eventBus"}}
{"__type":"$$EventMessageWorkflow","id":"2f1fbb86-0a35-486c-9b5d-cac2d6a7d4e9","ts":"2024-03-16T06:12:03.127-04:00","eventName":"n8n.workflow.success","message":"n8n.workflow.success","payload":{"executionId":"143","success":true,"userId":"c6757ac5-8c76-4474-b74b-e679f6843a2d","workflowId":"dOvR0FL53juynL8e","isManual":true,"workflowName":"Genius Sports API"}}
{"__type":"$$EventMessageConfirm","confirm":"2f1fbb86-0a35-486c-9b5d-cac2d6a7d4e9","ts":"2024-03-16T06:12:03.127-04:00","source":{"id":"0","name":"eventBus"}}
{"__type":"$$EventMessageNode","id":"91d728d7-7929-46a7-a498-381fbad89021","ts":"2024-03-16T06:12:32.010-04:00","eventName":"n8n.node.started","message":"n8n.node.started","payload":{"executionId":"144","nodeName":"Webhook","workflowId":"dOvR0FL53juynL8e","workflowName":"Genius Sports API","nodeType":"n8n-nodes-base.webhook"}}
{"__type":"$$EventMessageConfirm","confirm":"91d728d7-7929-46a7-a498-381fbad89021","ts":"2024-03-16T06:12:32.010-04:00","source":{"id":"0","name":"eventBus"}}
{"__type":"$$EventMessageWorkflow","id":"9a9c5a1d-6360-4caf-abae-12472668e189","ts":"2024-03-16T06:12:32.011-04:00","eventName":"n8n.workflow.started","message":"n8n.workflow.started","payload":{"executionId":"144","userId":"c6757ac5-8c76-4474-b74b-e679f6843a2d","workflowId":"dOvR0FL53juynL8e","isManual":true,"workflowName":"Genius Sports API"}}
{"__type":"$$EventMessageConfirm","confirm":"9a9c5a1d-6360-4caf-abae-12472668e189","ts":"2024-03-16T06:12:32.011-04:00","source":{"id":"0","name":"eventBus"}}
{"__type":"$$EventMessageNode","id":"62e8b05f-1047-4dd0-b1cb-a73a2f68054a","ts":"2024-03-16T06:12:32.011-04:00","eventName":"n8n.node.finished","message":"n8n.node.finished","payload":{"executionId":"144","nodeName":"Webhook","workflowId":"dOvR0FL53juynL8e","workflowName":"Genius Sports API","nodeType":"n8n-nodes-base.webhook"}}
{"__type":"$$EventMessageConfirm","confirm":"62e8b05f-1047-4dd0-b1cb-a73a2f68054a","ts":"2024-03-16T06:12:32.011-04:00","source":{"id":"0","name":"eventBus"}}
{"__type":"$$EventMessageWorkflow","id":"9456f39a-2c2f-4242-8a29-ad0d5e12b9b6","ts":"2024-03-16T06:12:32.017-04:00","eventName":"n8n.workflow.success","message":"n8n.workflow.success","payload":{"executionId":"144","success":true,"userId":"c6757ac5-8c76-4474-b74b-e679f6843a2d","workflowId":"dOvR0FL53juynL8e","isManual":true,"workflowName":"Genius Sports API"}}
{"__type":"$$EventMessageConfirm","confirm":"9456f39a-2c2f-4242-8a29-ad0d5e12b9b6","ts":"2024-03-16T06:12:32.018-04:00","source":{"id":"0","name":"eventBus"}}
{"__type":"$$EventMessageNode","id":"b02fb69e-4acc-46b0-9515-4267e17bcfeb","ts":"2024-03-16T06:13:15.904-04:00","eventName":"n8n.node.started","message":"n8n.node.started","payload":{"executionId":"145","nodeName":"Webhook","workflowId":"dOvR0FL53juynL8e","workflowName":"Genius Sports API","nodeType":"n8n-nodes-base.webhook"}}
{"__type":"$$EventMessageConfirm","confirm":"b02fb69e-4acc-46b0-9515-4267e17bcfeb","ts":"2024-03-16T06:13:15.904-04:00","source":{"id":"0","name":"eventBus"}}
{"__type":"$$EventMessageWorkflow","id":"39a0618c-5e5b-4388-8518-c2f56db954f4","ts":"2024-03-16T06:13:15.905-04:00","eventName":"n8n.workflow.started","message":"n8n.workflow.started","payload":{"executionId":"145","userId":"c6757ac5-8c76-4474-b74b-e679f6843a2d","workflowId":"dOvR0FL53juynL8e","isManual":true,"workflowName":"Genius Sports API"}}
{"__type":"$$EventMessageConfirm","confirm":"39a0618c-5e5b-4388-8518-c2f56db954f4","ts":"2024-03-16T06:13:15.905-04:00","source":{"id":"0","name":"eventBus"}}
{"__type":"$$EventMessageNode","id":"b1497fb5-c19d-4829-a451-f9463a45c988","ts":"2024-03-16T06:13:15.905-04:00","eventName":"n8n.node.finished","message":"n8n.node.finished","payload":{"executionId":"145","nodeName":"Webhook","workflowId":"dOvR0FL53juynL8e","workflowName":"Genius Sports API","nodeType":"n8n-nodes-base.webhook"}}
{"__type":"$$EventMessageConfirm","confirm":"b1497fb5-c19d-4829-a451-f9463a45c988","ts":"2024-03-16T06:13:15.905-04:00","source":{"id":"0","name":"eventBus"}}
{"__type":"$$EventMessageNode","id":"d9443513-5410-431f-937e-81b90becdb4c","ts":"2024-03-16T06:13:15.906-04:00","eventName":"n8n.node.started","message":"n8n.node.started","payload":{"executionId":"145","nodeName":"HTML","workflowId":"dOvR0FL53juynL8e","workflowName":"Genius Sports API","nodeType":"n8n-nodes-base.html"}}
{"__type":"$$EventMessageConfirm","confirm":"d9443513-5410-431f-937e-81b90becdb4c","ts":"2024-03-16T06:13:15.906-04:00","source":{"id":"0","name":"eventBus"}}
{"__type":"$$EventMessageNode","id":"e2edfd09-ebe8-414a-a86e-48cfcf5aa09c","ts":"2024-03-16T06:13:15.906-04:00","eventName":"n8n.node.finished","message":"n8n.node.finished","payload":{"executionId":"145","nodeName":"HTML","workflowId":"dOvR0FL53juynL8e","workflowName":"Genius Sports API","nodeType":"n8n-nodes-base.html"}}
{"__type":"$$EventMessageConfirm","confirm":"e2edfd09-ebe8-414a-a86e-48cfcf5aa09c","ts":"2024-03-16T06:13:15.906-04:00","source":{"id":"0","name":"eventBus"}}
{"__type":"$$EventMessageWorkflow","id":"6b540622-53ea-463d-899c-95aa33fdab1f","ts":"2024-03-16T06:13:15.911-04:00","eventName":"n8n.workflow.success","message":"n8n.workflow.success","payload":{"executionId":"145","success":true,"userId":"c6757ac5-8c76-4474-b74b-e679f6843a2d","workflowId":"dOvR0FL53juynL8e","isManual":true,"workflowName":"Genius Sports API"}}
{"__type":"$$EventMessageConfirm","confirm":"6b540622-53ea-463d-899c-95aa33fdab1f","ts":"2024-03-16T06:13:15.912-04:00","source":{"id":"0","name":"eventBus"}}
{"__type":"$$EventMessageNode","id":"7ae2403c-462a-4e40-94e4-c24ee31cfbc2","ts":"2024-03-16T06:16:47.966-04:00","eventName":"n8n.node.started","message":"n8n.node.started","payload":{"executionId":"146","nodeName":"Webhook","workflowId":"dOvR0FL53juynL8e","workflowName":"Genius Sports API","nodeType":"n8n-nodes-base.webhook"}}
{"__type":"$$EventMessageConfirm","confirm":"7ae2403c-462a-4e40-94e4-c24ee31cfbc2","ts":"2024-03-16T06:16:47.970-04:00","source":{"id":"0","name":"eventBus"}}
{"__type":"$$EventMessageWorkflow","id":"8dcf2ad9-3bc3-4efb-a75a-d90e5db4693f","ts":"2024-03-16T06:16:47.971-04:00","eventName":"n8n.workflow.started","message":"n8n.workflow.started","payload":{"executionId":"146","userId":"c6757ac5-8c76-4474-b74b-e679f6843a2d","workflowId":"dOvR0FL53juynL8e","isManual":true,"workflowName":"Genius Sports API"}}
{"__type":"$$EventMessageConfirm","confirm":"8dcf2ad9-3bc3-4efb-a75a-d90e5db4693f","ts":"2024-03-16T06:16:47.972-04:00","source":{"id":"0","name":"eventBus"}}
{"__type":"$$EventMessageNode","id":"4f7adcfb-07d6-4ff4-92ef-6cef82610152","ts":"2024-03-16T06:16:47.974-04:00","eventName":"n8n.node.finished","message":"n8n.node.finished","payload":{"executionId":"146","nodeName":"Webhook","workflowId":"dOvR0FL53juynL8e","workflowName":"Genius Sports API","nodeType":"n8n-nodes-base.webhook"}}
{"__type":"$$EventMessageConfirm","confirm":"4f7adcfb-07d6-4ff4-92ef-6cef82610152","ts":"2024-03-16T06:16:47.975-04:00","source":{"id":"0","name":"eventBus"}}
{"__type":"$$EventMessageNode","id":"70c4bf74-b256-4ca8-a18b-763718f9b1bb","ts":"2024-03-16T06:16:47.976-04:00","eventName":"n8n.node.started","message":"n8n.node.started","payload":{"executionId":"146","nodeName":"HTML","workflowId":"dOvR0FL53juynL8e","workflowName":"Genius Sports API","nodeType":"n8n-nodes-base.html"}}
{"__type":"$$EventMessageConfirm","confirm":"70c4bf74-b256-4ca8-a18b-763718f9b1bb","ts":"2024-03-16T06:16:47.976-04:00","source":{"id":"0","name":"eventBus"}}
{"__type":"$$EventMessageNode","id":"71f5e962-270d-4632-acb5-f715095f0f30","ts":"2024-03-16T06:16:47.981-04:00","eventName":"n8n.node.finished","message":"n8n.node.finished","payload":{"executionId":"146","nodeName":"HTML","workflowId":"dOvR0FL53juynL8e","workflowName":"Genius Sports API","nodeType":"n8n-nodes-base.html"}}
{"__type":"$$EventMessageConfirm","confirm":"71f5e962-270d-4632-acb5-f715095f0f30","ts":"2024-03-16T06:16:47.982-04:00","source":{"id":"0","name":"eventBus"}}
{"__type":"$$EventMessageNode","id":"4a3954d3-1c79-46af-9524-0389e2a563cc","ts":"2024-03-16T06:16:47.983-04:00","eventName":"n8n.node.started","message":"n8n.node.started","payload":{"executionId":"146","nodeName":"Respond to Webhook","workflowId":"dOvR0FL53juynL8e","workflowName":"Genius Sports API","nodeType":"n8n-nodes-base.respondToWebhook"}}
{"__type":"$$EventMessageConfirm","confirm":"4a3954d3-1c79-46af-9524-0389e2a563cc","ts":"2024-03-16T06:16:47.983-04:00","source":{"id":"0","name":"eventBus"}}
{"__type":"$$EventMessageNode","id":"53e1f51a-fd69-4494-ac39-29f9ce3253da","ts":"2024-03-16T06:16:47.986-04:00","eventName":"n8n.node.finished","message":"n8n.node.finished","payload":{"executionId":"146","nodeName":"Respond to Webhook","workflowId":"dOvR0FL53juynL8e","workflowName":"Genius Sports API","nodeType":"n8n-nodes-base.respondToWebhook"}}
{"__type":"$$EventMessageConfirm","confirm":"53e1f51a-fd69-4494-ac39-29f9ce3253da","ts":"2024-03-16T06:16:47.989-04:00","source":{"id":"0","name":"eventBus"}}
{"__type":"$$EventMessageWorkflow","id":"6a590c37-142a-4984-a233-15f66eb50b20","ts":"2024-03-16T06:16:47.995-04:00","eventName":"n8n.workflow.failed","message":"n8n.workflow.failed","payload":{"executionId":"146","success":false,"userId":"c6757ac5-8c76-4474-b74b-e679f6843a2d","workflowId":"dOvR0FL53juynL8e","isManual":true,"workflowName":"Genius Sports API","lastNodeExecuted":"Respond to Webhook","errorNodeType":"n8n-nodes-base.respondToWebhook","errorNodeId":"2","errorMessage":"No binary data exists on the first item!"}}
{"__type":"$$EventMessageConfirm","confirm":"6a590c37-142a-4984-a233-15f66eb50b20","ts":"2024-03-16T06:16:47.995-04:00","source":{"id":"0","name":"eventBus"}}
{"__type":"$$EventMessageNode","id":"6bf4c921-3983-48a8-b9b1-6f8d9d55bb5d","ts":"2024-03-16T06:17:05.911-04:00","eventName":"n8n.node.started","message":"n8n.node.started","payload":{"executionId":"147","nodeName":"Respond to Webhook","workflowId":"dOvR0FL53juynL8e","workflowName":"Genius Sports API","nodeType":"n8n-nodes-base.respondToWebhook"}}
{"__type":"$$EventMessageConfirm","confirm":"6bf4c921-3983-48a8-b9b1-6f8d9d55bb5d","ts":"2024-03-16T06:17:05.911-04:00","source":{"id":"0","name":"eventBus"}}
{"__type":"$$EventMessageWorkflow","id":"e4861815-cffc-4627-a161-616c11a6c024","ts":"2024-03-16T06:17:05.912-04:00","eventName":"n8n.workflow.started","message":"n8n.workflow.started","payload":{"executionId":"147","isManual":false}}
{"__type":"$$EventMessageConfirm","confirm":"e4861815-cffc-4627-a161-616c11a6c024","ts":"2024-03-16T06:17:05.912-04:00","source":{"id":"0","name":"eventBus"}}
{"__type":"$$EventMessageNode","id":"0a40b065-3724-4776-b4e4-94693709c012","ts":"2024-03-16T06:17:05.913-04:00","eventName":"n8n.node.finished","message":"n8n.node.finished","payload":{"executionId":"147","nodeName":"Respond to Webhook","workflowId":"dOvR0FL53juynL8e","workflowName":"Genius Sports API","nodeType":"n8n-nodes-base.respondToWebhook"}}
{"__type":"$$EventMessageConfirm","confirm":"0a40b065-3724-4776-b4e4-94693709c012","ts":"2024-03-16T06:17:05.913-04:00","source":{"id":"0","name":"eventBus"}}
{"__type":"$$EventMessageWorkflow","id":"66260ec2-8283-483a-af32-7d062210e25c","ts":"2024-03-16T06:17:05.926-04:00","eventName":"n8n.workflow.failed","message":"n8n.workflow.failed","payload":{"executionId":"147","success":false,"userId":"c6757ac5-8c76-4474-b74b-e679f6843a2d","workflowId":"dOvR0FL53juynL8e","isManual":true,"workflowName":"Genius Sports API","lastNodeExecuted":"Respond to Webhook","errorNodeType":"n8n-nodes-base.respondToWebhook","errorNodeId":"2","errorMessage":"No binary data exists on the first item!"}}
{"__type":"$$EventMessageConfirm","confirm":"66260ec2-8283-483a-af32-7d062210e25c","ts":"2024-03-16T06:17:05.926-04:00","source":{"id":"0","name":"eventBus"}}
{"__type":"$$EventMessageNode","id":"d85b8a66-9ca0-41ee-8cd4-fd9c8db8e1e7","ts":"2024-03-16T06:17:26.811-04:00","eventName":"n8n.node.started","message":"n8n.node.started","payload":{"executionId":"148","nodeName":"Respond to Webhook","workflowId":"dOvR0FL53juynL8e","workflowName":"Genius Sports API","nodeType":"n8n-nodes-base.respondToWebhook"}}
{"__type":"$$EventMessageConfirm","confirm":"d85b8a66-9ca0-41ee-8cd4-fd9c8db8e1e7","ts":"2024-03-16T06:17:26.812-04:00","source":{"id":"0","name":"eventBus"}}
{"__type":"$$EventMessageWorkflow","id":"cf4932d3-6c8a-468d-a2cc-6b5a4a8114f9","ts":"2024-03-16T06:17:26.812-04:00","eventName":"n8n.workflow.started","message":"n8n.workflow.started","payload":{"executionId":"148","isManual":false}}
{"__type":"$$EventMessageConfirm","confirm":"cf4932d3-6c8a-468d-a2cc-6b5a4a8114f9","ts":"2024-03-16T06:17:26.812-04:00","source":{"id":"0","name":"eventBus"}}
{"__type":"$$EventMessageNode","id":"d7946924-2d46-4b2f-a2f1-f615a6d80c00","ts":"2024-03-16T06:17:26.813-04:00","eventName":"n8n.node.finished","message":"n8n.node.finished","payload":{"executionId":"148","nodeName":"Respond to Webhook","workflowId":"dOvR0FL53juynL8e","workflowName":"Genius Sports API","nodeType":"n8n-nodes-base.respondToWebhook"}}
{"__type":"$$EventMessageConfirm","confirm":"d7946924-2d46-4b2f-a2f1-f615a6d80c00","ts":"2024-03-16T06:17:26.814-04:00","source":{"id":"0","name":"eventBus"}}
{"__type":"$$EventMessageWorkflow","id":"ab237a61-fcc4-4665-a8e0-7989b6611c62","ts":"2024-03-16T06:17:26.826-04:00","eventName":"n8n.workflow.failed","message":"n8n.workflow.failed","payload":{"executionId":"148","success":false,"userId":"c6757ac5-8c76-4474-b74b-e679f6843a2d","workflowId":"dOvR0FL53juynL8e","isManual":true,"workflowName":"Genius Sports API","lastNodeExecuted":"Respond to Webhook","errorNodeType":"n8n-nodes-base.respondToWebhook","errorNodeId":"2","errorMessage":"No binary data exists on the first item!"}}
{"__type":"$$EventMessageConfirm","confirm":"ab237a61-fcc4-4665-a8e0-7989b6611c62","ts":"2024-03-16T06:17:26.826-04:00","source":{"id":"0","name":"eventBus"}}
{"__type":"$$EventMessageNode","id":"d46a181a-47b3-4c09-a4a3-a85e80b840be","ts":"2024-03-16T06:17:47.741-04:00","eventName":"n8n.node.started","message":"n8n.node.started","payload":{"executionId":"149","nodeName":"Respond to Webhook","workflowId":"dOvR0FL53juynL8e","workflowName":"Genius Sports API","nodeType":"n8n-nodes-base.respondToWebhook"}}
{"__type":"$$EventMessageConfirm","confirm":"d46a181a-47b3-4c09-a4a3-a85e80b840be","ts":"2024-03-16T06:17:47.741-04:00","source":{"id":"0","name":"eventBus"}}
{"__type":"$$EventMessageWorkflow","id":"b4513e7e-d54e-44cb-9002-d2f9ad950839","ts":"2024-03-16T06:17:47.742-04:00","eventName":"n8n.workflow.started","message":"n8n.workflow.started","payload":{"executionId":"149","isManual":false}}
{"__type":"$$EventMessageConfirm","confirm":"b4513e7e-d54e-44cb-9002-d2f9ad950839","ts":"2024-03-16T06:17:47.742-04:00","source":{"id":"0","name":"eventBus"}}
{"__type":"$$EventMessageNode","id":"82d2f937-28d4-4868-99b9-670042f09a53","ts":"2024-03-16T06:17:47.742-04:00","eventName":"n8n.node.finished","message":"n8n.node.finished","payload":{"executionId":"149","nodeName":"Respond to Webhook","workflowId":"dOvR0FL53juynL8e","workflowName":"Genius Sports API","nodeType":"n8n-nodes-base.respondToWebhook"}}
{"__type":"$$EventMessageConfirm","confirm":"82d2f937-28d4-4868-99b9-670042f09a53","ts":"2024-03-16T06:17:47.743-04:00","source":{"id":"0","name":"eventBus"}}
{"__type":"$$EventMessageWorkflow","id":"269d9f45-35ee-4470-a563-d33fbcffbeb9","ts":"2024-03-16T06:17:47.753-04:00","eventName":"n8n.workflow.success","message":"n8n.workflow.success","payload":{"executionId":"149","success":true,"userId":"c6757ac5-8c76-4474-b74b-e679f6843a2d","workflowId":"dOvR0FL53juynL8e","isManual":true,"workflowName":"Genius Sports API"}}
{"__type":"$$EventMessageConfirm","confirm":"269d9f45-35ee-4470-a563-d33fbcffbeb9","ts":"2024-03-16T06:17:47.753-04:00","source":{"id":"0","name":"eventBus"}}
{"__type":"$$EventMessageNode","id":"2c3e21b2-674c-4f74-8fc7-34068b3bdc9f","ts":"2024-03-16T06:20:29.769-04:00","eventName":"n8n.node.started","message":"n8n.node.started","payload":{"executionId":"150","nodeName":"Webhook1","workflowId":"dOvR0FL53juynL8e","workflowName":"Genius Sports API","nodeType":"n8n-nodes-base.webhook"}}
{"__type":"$$EventMessageConfirm","confirm":"2c3e21b2-674c-4f74-8fc7-34068b3bdc9f","ts":"2024-03-16T06:20:29.769-04:00","source":{"id":"0","name":"eventBus"}}
{"__type":"$$EventMessageWorkflow","id":"11bbfe30-03d8-4baf-a75d-2fbb3ed43aae","ts":"2024-03-16T06:20:29.770-04:00","eventName":"n8n.workflow.started","message":"n8n.workflow.started","payload":{"executionId":"150","userId":"c6757ac5-8c76-4474-b74b-e679f6843a2d","workflowId":"dOvR0FL53juynL8e","isManual":true,"workflowName":"Genius Sports API"}}
{"__type":"$$EventMessageConfirm","confirm":"11bbfe30-03d8-4baf-a75d-2fbb3ed43aae","ts":"2024-03-16T06:20:29.770-04:00","source":{"id":"0","name":"eventBus"}}
{"__type":"$$EventMessageNode","id":"fd9ee95d-0343-463f-adf0-35aa6db8ff7a","ts":"2024-03-16T06:20:29.771-04:00","eventName":"n8n.node.finished","message":"n8n.node.finished","payload":{"executionId":"150","nodeName":"Webhook1","workflowId":"dOvR0FL53juynL8e","workflowName":"Genius Sports API","nodeType":"n8n-nodes-base.webhook"}}
{"__type":"$$EventMessageConfirm","confirm":"fd9ee95d-0343-463f-adf0-35aa6db8ff7a","ts":"2024-03-16T06:20:29.771-04:00","source":{"id":"0","name":"eventBus"}}
{"__type":"$$EventMessageWorkflow","id":"97aa2eb3-cad1-4007-9cce-944af99d775f","ts":"2024-03-16T06:20:29.782-04:00","eventName":"n8n.workflow.success","message":"n8n.workflow.success","payload":{"executionId":"150","success":true,"userId":"c6757ac5-8c76-4474-b74b-e679f6843a2d","workflowId":"dOvR0FL53juynL8e","isManual":true,"workflowName":"Genius Sports API"}}
{"__type":"$$EventMessageConfirm","confirm":"97aa2eb3-cad1-4007-9cce-944af99d775f","ts":"2024-03-16T06:20:29.782-04:00","source":{"id":"0","name":"eventBus"}}
{"__type":"$$EventMessageNode","id":"f82a990e-d085-42b6-954b-194492dd3628","ts":"2024-03-16T06:20:47.815-04:00","eventName":"n8n.node.started","message":"n8n.node.started","payload":{"executionId":"151","nodeName":"Webhook1","workflowId":"dOvR0FL53juynL8e","workflowName":"Genius Sports API","nodeType":"n8n-nodes-base.webhook"}}
{"__type":"$$EventMessageConfirm","confirm":"f82a990e-d085-42b6-954b-194492dd3628","ts":"2024-03-16T06:20:47.820-04:00","source":{"id":"0","name":"eventBus"}}
{"__type":"$$EventMessageWorkflow","id":"117f4180-85fe-43fa-9bb0-bde09300b2a3","ts":"2024-03-16T06:20:47.827-04:00","eventName":"n8n.workflow.started","message":"n8n.workflow.started","payload":{"executionId":"151","userId":"c6757ac5-8c76-4474-b74b-e679f6843a2d","workflowId":"dOvR0FL53juynL8e","isManual":true,"workflowName":"Genius Sports API"}}
{"__type":"$$EventMessageConfirm","confirm":"117f4180-85fe-43fa-9bb0-bde09300b2a3","ts":"2024-03-16T06:20:47.827-04:00","source":{"id":"0","name":"eventBus"}}
{"__type":"$$EventMessageNode","id":"a7c88a27-43a7-4ffe-9a07-af7882b2de53","ts":"2024-03-16T06:20:47.828-04:00","eventName":"n8n.node.finished","message":"n8n.node.finished","payload":{"executionId":"151","nodeName":"Webhook1","workflowId":"dOvR0FL53juynL8e","workflowName":"Genius Sports API","nodeType":"n8n-nodes-base.webhook"}}
{"__type":"$$EventMessageConfirm","confirm":"a7c88a27-43a7-4ffe-9a07-af7882b2de53","ts":"2024-03-16T06:20:47.829-04:00","source":{"id":"0","name":"eventBus"}}
{"__type":"$$EventMessageNode","id":"cf1482e6-5b24-4aee-9ec1-05ca8af05e94","ts":"2024-03-16T06:20:47.835-04:00","eventName":"n8n.node.started","message":"n8n.node.started","payload":{"executionId":"151","nodeName":"Set variables : auth, token, userinfo, client id, scope","workflowId":"dOvR0FL53juynL8e","workflowName":"Genius Sports API","nodeType":"n8n-nodes-base.set"}}
{"__type":"$$EventMessageConfirm","confirm":"cf1482e6-5b24-4aee-9ec1-05ca8af05e94","ts":"2024-03-16T06:20:47.836-04:00","source":{"id":"0","name":"eventBus"}}
{"__type":"$$EventMessageNode","id":"b65f5bd9-de36-4451-a141-c70ff5fd44c3","ts":"2024-03-16T06:20:47.837-04:00","eventName":"n8n.node.finished","message":"n8n.node.finished","payload":{"executionId":"151","nodeName":"Set variables : auth, token, userinfo, client id, scope","workflowId":"dOvR0FL53juynL8e","workflowName":"Genius Sports API","nodeType":"n8n-nodes-base.set"}}
{"__type":"$$EventMessageConfirm","confirm":"b65f5bd9-de36-4451-a141-c70ff5fd44c3","ts":"2024-03-16T06:20:47.843-04:00","source":{"id":"0","name":"eventBus"}}
{"__type":"$$EventMessageNode","id":"d4fbfb5c-b166-404a-9d2b-ef0eb7fea658","ts":"2024-03-16T06:20:47.844-04:00","eventName":"n8n.node.started","message":"n8n.node.started","payload":{"executionId":"151","nodeName":"Code","workflowId":"dOvR0FL53juynL8e","workflowName":"Genius Sports API","nodeType":"n8n-nodes-base.code"}}
{"__type":"$$EventMessageConfirm","confirm":"d4fbfb5c-b166-404a-9d2b-ef0eb7fea658","ts":"2024-03-16T06:20:47.844-04:00","source":{"id":"0","name":"eventBus"}}
{"__type":"$$EventMessageNode","id":"cee7a0bf-a5cf-49d5-a35b-3c19f3955534","ts":"2024-03-16T06:20:47.893-04:00","eventName":"n8n.node.finished","message":"n8n.node.finished","payload":{"executionId":"151","nodeName":"Code","workflowId":"dOvR0FL53juynL8e","workflowName":"Genius Sports API","nodeType":"n8n-nodes-base.code"}}
{"__type":"$$EventMessageConfirm","confirm":"cee7a0bf-a5cf-49d5-a35b-3c19f3955534","ts":"2024-03-16T06:20:47.897-04:00","source":{"id":"0","name":"eventBus"}}
{"__type":"$$EventMessageNode","id":"25723362-4ab8-4926-a69e-681567ea87f6","ts":"2024-03-16T06:20:47.898-04:00","eventName":"n8n.node.started","message":"n8n.node.started","payload":{"executionId":"151","nodeName":"IF we have code in URI and not in PKCE mode","workflowId":"dOvR0FL53juynL8e","workflowName":"Genius Sports API","nodeType":"n8n-nodes-base.if"}}
{"__type":"$$EventMessageConfirm","confirm":"25723362-4ab8-4926-a69e-681567ea87f6","ts":"2024-03-16T06:20:47.899-04:00","source":{"id":"0","name":"eventBus"}}
{"__type":"$$EventMessageNode","id":"f365b2b2-81a6-4a76-9ed9-f450f5292d4a","ts":"2024-03-16T06:20:47.909-04:00","eventName":"n8n.node.finished","message":"n8n.node.finished","payload":{"executionId":"151","nodeName":"IF we have code in URI and not in PKCE mode","workflowId":"dOvR0FL53juynL8e","workflowName":"Genius Sports API","nodeType":"n8n-nodes-base.if"}}
{"__type":"$$EventMessageConfirm","confirm":"f365b2b2-81a6-4a76-9ed9-f450f5292d4a","ts":"2024-03-16T06:20:47.909-04:00","source":{"id":"0","name":"eventBus"}}
{"__type":"$$EventMessageNode","id":"2f902eb0-3713-42cc-a902-439068e20081","ts":"2024-03-16T06:20:47.909-04:00","eventName":"n8n.node.started","message":"n8n.node.started","payload":{"executionId":"151","nodeName":"IF token is present","workflowId":"dOvR0FL53juynL8e","workflowName":"Genius Sports API","nodeType":"n8n-nodes-base.if"}}
{"__type":"$$EventMessageConfirm","confirm":"2f902eb0-3713-42cc-a902-439068e20081","ts":"2024-03-16T06:20:47.909-04:00","source":{"id":"0","name":"eventBus"}}
{"__type":"$$EventMessageNode","id":"b103a098-50e0-43c5-9ef1-58101d10b467","ts":"2024-03-16T06:20:47.916-04:00","eventName":"n8n.node.finished","message":"n8n.node.finished","payload":{"executionId":"151","nodeName":"IF token is present","workflowId":"dOvR0FL53juynL8e","workflowName":"Genius Sports API","nodeType":"n8n-nodes-base.if"}}
{"__type":"$$EventMessageConfirm","confirm":"b103a098-50e0-43c5-9ef1-58101d10b467","ts":"2024-03-16T06:20:47.916-04:00","source":{"id":"0","name":"eventBus"}}
{"__type":"$$EventMessageNode","id":"1c1c9d03-f7fa-43e9-b7e9-3cc7cc0e25af","ts":"2024-03-16T06:20:47.916-04:00","eventName":"n8n.node.started","message":"n8n.node.started","payload":{"executionId":"151","nodeName":"login form","workflowId":"dOvR0FL53juynL8e","workflowName":"Genius Sports API","nodeType":"n8n-nodes-base.html"}}
{"__type":"$$EventMessageConfirm","confirm":"1c1c9d03-f7fa-43e9-b7e9-3cc7cc0e25af","ts":"2024-03-16T06:20:47.916-04:00","source":{"id":"0","name":"eventBus"}}
{"__type":"$$EventMessageNode","id":"c2fb0afc-4bf8-4422-a374-250713a50093","ts":"2024-03-16T06:20:47.934-04:00","eventName":"n8n.node.finished","message":"n8n.node.finished","payload":{"executionId":"151","nodeName":"login form","workflowId":"dOvR0FL53juynL8e","workflowName":"Genius Sports API","nodeType":"n8n-nodes-base.html"}}
{"__type":"$$EventMessageConfirm","confirm":"c2fb0afc-4bf8-4422-a374-250713a50093","ts":"2024-03-16T06:20:47.934-04:00","source":{"id":"0","name":"eventBus"}}
{"__type":"$$EventMessageNode","id":"776fea85-9a71-435a-9cd6-b25f8556578c","ts":"2024-03-16T06:20:47.934-04:00","eventName":"n8n.node.started","message":"n8n.node.started","payload":{"executionId":"151","nodeName":"send back login page","workflowId":"dOvR0FL53juynL8e","workflowName":"Genius Sports API","nodeType":"n8n-nodes-base.respondToWebhook"}}
{"__type":"$$EventMessageConfirm","confirm":"776fea85-9a71-435a-9cd6-b25f8556578c","ts":"2024-03-16T06:20:47.934-04:00","source":{"id":"0","name":"eventBus"}}
{"__type":"$$EventMessageNode","id":"43792c88-6500-4cd0-9d42-e6c7cdb633ef","ts":"2024-03-16T06:20:47.937-04:00","eventName":"n8n.node.finished","message":"n8n.node.finished","payload":{"executionId":"151","nodeName":"send back login page","workflowId":"dOvR0FL53juynL8e","workflowName":"Genius Sports API","nodeType":"n8n-nodes-base.respondToWebhook"}}
{"__type":"$$EventMessageConfirm","confirm":"43792c88-6500-4cd0-9d42-e6c7cdb633ef","ts":"2024-03-16T06:20:47.937-04:00","source":{"id":"0","name":"eventBus"}}
{"__type":"$$EventMessageWorkflow","id":"af504ba4-7766-44ce-904d-ea13b883607d","ts":"2024-03-16T06:20:47.946-04:00","eventName":"n8n.workflow.success","message":"n8n.workflow.success","payload":{"executionId":"151","success":true,"userId":"c6757ac5-8c76-4474-b74b-e679f6843a2d","workflowId":"dOvR0FL53juynL8e","isManual":true,"workflowName":"Genius Sports API"}}
{"__type":"$$EventMessageConfirm","confirm":"af504ba4-7766-44ce-904d-ea13b883607d","ts":"2024-03-16T06:20:47.946-04:00","source":{"id":"0","name":"eventBus"}}
